<?xml version="1.0" encoding="UTF-8"?>
<!-- Generated by org.testng.reporters.JUnitReportReporter -->
<testsuite hostname="Manjiri" failures="0" tests="2" name="testCases.DeleteOneAccount" time="1.883" errors="0" timestamp="06 Feb 2024 19:32:52 GMT" skipped="0">
  <testcase classname="testCases.DeleteOneAccount" name="deleteOneAccount" time="0.884"/>
  <testcase classname="testCases.DeleteOneAccount" name="readOneAccount" time="0.999"/>
</testsuite> <!-- testCases.DeleteOneAccount -->
