<?xml version="1.0" encoding="UTF-8"?>
<!-- Generated by org.testng.reporters.JUnitReportReporter -->
<testsuite hostname="Manjiri" failures="0" tests="1" name="testCases.ReadallAccount" time="1.022" errors="0" timestamp="05 Feb 2024 20:57:00 GMT" skipped="0">
  <testcase classname="testCases.ReadallAccount" name="readAllAccounts" time="1.022"/>
</testsuite> <!-- testCases.ReadallAccount -->
