<?xml version="1.0" encoding="UTF-8"?>
<!-- Generated by org.testng.reporters.JUnitReportReporter -->
<testsuite hostname="Manjiri" failures="0" tests="1" name="testCases.GeneretBearerToken" time="2.238" errors="0" timestamp="05 Feb 2024 17:52:02 GMT" skipped="0">
  <testcase classname="testCases.GeneretBearerToken" name="generateBearerToken" time="2.238"/>
</testsuite> <!-- testCases.GeneretBearerToken -->
