<?xml version="1.0" encoding="UTF-8"?>
<!-- Generated by org.testng.reporters.JUnitReportReporter -->
<testsuite hostname="Manjiri" failures="0" tests="1" name="testCases.ReadOneAccount" time="1.056" errors="0" timestamp="05 Feb 2024 22:17:13 GMT" skipped="0">
  <testcase classname="testCases.ReadOneAccount" name="readAllAccounts" time="1.056"/>
</testsuite> <!-- testCases.ReadOneAccount -->
