<?xml version="1.0" encoding="UTF-8"?>
<!-- Generated by org.testng.reporters.JUnitReportReporter -->
<testsuite hostname="Manjiri" failures="0" tests="2" name="testCases.updateOneAccount" time="1.900" errors="0" timestamp="06 Feb 2024 19:05:28 GMT" skipped="0">
  <testcase classname="testCases.updateOneAccount" name="updateOneAccount" time="0.852"/>
  <testcase classname="testCases.updateOneAccount" name="readOneAccount" time="1.048"/>
</testsuite> <!-- testCases.updateOneAccount -->
