<?xml version="1.0" encoding="UTF-8"?>
<!-- Generated by org.testng.reporters.JUnitReportReporter -->
<testsuite hostname="Manjiri" failures="0" tests="3" name="testCases.CreateOneAccountAsMap" time="2.921" errors="0" timestamp="06 Feb 2024 16:56:38 GMT" skipped="0">
  <testcase classname="testCases.CreateOneAccountAsMap" name="createOneAccount" time="0.997"/>
  <testcase classname="testCases.CreateOneAccountAsMap" name="readAllAccounts" time="0.906"/>
  <testcase classname="testCases.CreateOneAccountAsMap" name="readOneAccount" time="1.018"/>
</testsuite> <!-- testCases.CreateOneAccountAsMap -->
