<?xml version="1.0" encoding="UTF-8"?>
<!-- Generated by org.testng.reporters.JUnitReportReporter -->
<testsuite hostname="Manjiri" failures="0" tests="3" name="testCases.CreateOneAccount" time="2.803" errors="0" timestamp="06 Feb 2024 16:20:28 GMT" skipped="0">
  <testcase classname="testCases.CreateOneAccount" name="createOneAccount" time="0.788"/>
  <testcase classname="testCases.CreateOneAccount" name="readAllAccounts" time="0.932"/>
  <testcase classname="testCases.CreateOneAccount" name="readOneAccount" time="1.083"/>
</testsuite> <!-- testCases.CreateOneAccount -->
